<?xml version="1.0"?>
<document>
    <properties>
        <title>Test Page</title>
    </properties>
    <body>
        Just a test.
    </body>
</document>